<?xml version="1.0" encoding="UTF-8"?>
<!-- Generated by org.testng.reporters.JUnitReportReporter -->
<testsuite skipped="0" hostname="ASHKARTHI-HP" name="com.test.pageTests.Home" tests="3" failures="0" timestamp="2021-06-09T09:58:40 EDT" time="10.000" errors="0">
  <testcase name="TC_1" time="3.863" classname="com.test.pageTests.Home"/>
  <system-out/>
  <testcase name="TC_2" time="3.917" classname="com.test.pageTests.Home"/>
  <system-out/>
  <testcase name="TC_3" time="2.220" classname="com.test.pageTests.Home"/>
  <system-out/>
</testsuite> <!-- com.test.pageTests.Home -->
